<?xml version="1.0" encoding="UTF-8"?>
<!-- Generated by org.testng.reporters.JUnitXMLReporter -->
<testsuite ignored="0" hostname="DESKTOP-D67E6OU" failures="0" tests="10" name="Default test" time="168.131" errors="0" timestamp="2022-01-19T19:39:36 IST">
  <testcase classname="runner.WebApp" name="HomePage" time="0.744"/>
  <testcase classname="runner.WebApp" name="LocalPage" time="15.049"/>
  <testcase classname="runner.WebApp" name="SignUp" time="4.488"/>
  <testcase classname="runner.WebApp" name="HomepageLogin" time="4.088"/>
  <testcase classname="runner.WebApp" name="AboutPage" time="2.914"/>
  <testcase classname="runner.WebApp" name="ContactPage" time="5.354"/>
  <testcase classname="runner.WebApp" name="OnewayPage" time="11.497"/>
  <testcase classname="runner.WebApp" name="OutstationPage" time="18.582"/>
  <testcase classname="runner.WebApp" name="AirportPage" time="21.513"/>
  <testcase classname="runner.WebApp" name="CorporatePage" time="8.666"/>
</testsuite> <!-- Default test -->
