<?xml version="1.0" encoding="UTF-8"?>
<testng-results ignored="0" total="10" passed="10" failed="0" skipped="0">
  <reporter-output>
  </reporter-output>
  <suite started-at="2022-01-19T19:36:48 IST" name="Default suite" finished-at="2022-01-19T19:39:36 IST" duration-ms="168131">
    <groups>
    </groups>
    <test started-at="2022-01-19T19:36:48 IST" name="Default test" finished-at="2022-01-19T19:39:36 IST" duration-ms="168131">
      <class name="runner.WebApp">
        <test-method is-config="true" signature="Before()[pri:0, instance:runner.WebApp@26ceffa8]" started-at="2022-01-19T19:36:48 IST" name="Before" finished-at="2022-01-19T19:37:03 IST" duration-ms="14799" status="PASS">
          <reporter-output>
          </reporter-output>
        </test-method> <!-- Before -->
        <test-method signature="HomePage()[pri:1, instance:runner.WebApp@26ceffa8]" started-at="2022-01-19T19:37:03 IST" name="HomePage" finished-at="2022-01-19T19:37:04 IST" duration-ms="744" status="PASS">
          <reporter-output>
          </reporter-output>
        </test-method> <!-- HomePage -->
        <test-method is-config="true" signature="After()[pri:0, instance:runner.WebApp@26ceffa8]" started-at="2022-01-19T19:37:04 IST" name="After" finished-at="2022-01-19T19:37:04 IST" duration-ms="441" status="PASS">
          <reporter-output>
          </reporter-output>
        </test-method> <!-- After -->
        <test-method is-config="true" signature="Before()[pri:0, instance:runner.WebApp@26ceffa8]" started-at="2022-01-19T19:37:04 IST" name="Before" finished-at="2022-01-19T19:37:10 IST" duration-ms="5670" status="PASS">
          <reporter-output>
          </reporter-output>
        </test-method> <!-- Before -->
        <test-method signature="LocalPage()[pri:1, instance:runner.WebApp@26ceffa8]" started-at="2022-01-19T19:37:10 IST" name="LocalPage" finished-at="2022-01-19T19:37:25 IST" duration-ms="15049" status="PASS">
          <reporter-output>
          </reporter-output>
        </test-method> <!-- LocalPage -->
        <test-method is-config="true" signature="After()[pri:0, instance:runner.WebApp@26ceffa8]" started-at="2022-01-19T19:37:25 IST" name="After" finished-at="2022-01-19T19:37:25 IST" duration-ms="395" status="PASS">
          <reporter-output>
          </reporter-output>
        </test-method> <!-- After -->
        <test-method is-config="true" signature="Before()[pri:0, instance:runner.WebApp@26ceffa8]" started-at="2022-01-19T19:37:25 IST" name="Before" finished-at="2022-01-19T19:37:30 IST" duration-ms="5113" status="PASS">
          <reporter-output>
          </reporter-output>
        </test-method> <!-- Before -->
        <test-method signature="SignUp()[pri:2, instance:runner.WebApp@26ceffa8]" started-at="2022-01-19T19:37:30 IST" name="SignUp" finished-at="2022-01-19T19:37:35 IST" duration-ms="4488" status="PASS">
          <reporter-output>
          </reporter-output>
        </test-method> <!-- SignUp -->
        <test-method is-config="true" signature="After()[pri:0, instance:runner.WebApp@26ceffa8]" started-at="2022-01-19T19:37:35 IST" name="After" finished-at="2022-01-19T19:37:35 IST" duration-ms="290" status="PASS">
          <reporter-output>
          </reporter-output>
        </test-method> <!-- After -->
        <test-method is-config="true" signature="Before()[pri:0, instance:runner.WebApp@26ceffa8]" started-at="2022-01-19T19:37:35 IST" name="Before" finished-at="2022-01-19T19:37:40 IST" duration-ms="5207" status="PASS">
          <reporter-output>
          </reporter-output>
        </test-method> <!-- Before -->
        <test-method signature="HomepageLogin()[pri:3, instance:runner.WebApp@26ceffa8]" started-at="2022-01-19T19:37:40 IST" name="HomepageLogin" finished-at="2022-01-19T19:37:44 IST" duration-ms="4088" status="PASS">
          <reporter-output>
          </reporter-output>
        </test-method> <!-- HomepageLogin -->
        <test-method is-config="true" signature="After()[pri:0, instance:runner.WebApp@26ceffa8]" started-at="2022-01-19T19:37:44 IST" name="After" finished-at="2022-01-19T19:37:45 IST" duration-ms="317" status="PASS">
          <reporter-output>
          </reporter-output>
        </test-method> <!-- After -->
        <test-method is-config="true" signature="Before()[pri:0, instance:runner.WebApp@26ceffa8]" started-at="2022-01-19T19:37:45 IST" name="Before" finished-at="2022-01-19T19:37:52 IST" duration-ms="6984" status="PASS">
          <reporter-output>
          </reporter-output>
        </test-method> <!-- Before -->
        <test-method signature="AboutPage()[pri:4, instance:runner.WebApp@26ceffa8]" started-at="2022-01-19T19:37:52 IST" name="AboutPage" finished-at="2022-01-19T19:37:55 IST" duration-ms="2914" status="PASS">
          <reporter-output>
          </reporter-output>
        </test-method> <!-- AboutPage -->
        <test-method is-config="true" signature="After()[pri:0, instance:runner.WebApp@26ceffa8]" started-at="2022-01-19T19:37:55 IST" name="After" finished-at="2022-01-19T19:37:55 IST" duration-ms="282" status="PASS">
          <reporter-output>
          </reporter-output>
        </test-method> <!-- After -->
        <test-method is-config="true" signature="Before()[pri:0, instance:runner.WebApp@26ceffa8]" started-at="2022-01-19T19:37:55 IST" name="Before" finished-at="2022-01-19T19:38:03 IST" duration-ms="8190" status="PASS">
          <reporter-output>
          </reporter-output>
        </test-method> <!-- Before -->
        <test-method signature="ContactPage()[pri:5, instance:runner.WebApp@26ceffa8]" started-at="2022-01-19T19:38:03 IST" name="ContactPage" finished-at="2022-01-19T19:38:08 IST" duration-ms="5354" status="PASS">
          <reporter-output>
          </reporter-output>
        </test-method> <!-- ContactPage -->
        <test-method is-config="true" signature="After()[pri:0, instance:runner.WebApp@26ceffa8]" started-at="2022-01-19T19:38:08 IST" name="After" finished-at="2022-01-19T19:38:09 IST" duration-ms="404" status="PASS">
          <reporter-output>
          </reporter-output>
        </test-method> <!-- After -->
        <test-method is-config="true" signature="Before()[pri:0, instance:runner.WebApp@26ceffa8]" started-at="2022-01-19T19:38:09 IST" name="Before" finished-at="2022-01-19T19:38:14 IST" duration-ms="5421" status="PASS">
          <reporter-output>
          </reporter-output>
        </test-method> <!-- Before -->
        <test-method signature="OnewayPage()[pri:6, instance:runner.WebApp@26ceffa8]" started-at="2022-01-19T19:38:14 IST" name="OnewayPage" finished-at="2022-01-19T19:38:26 IST" duration-ms="11497" status="PASS">
          <reporter-output>
          </reporter-output>
        </test-method> <!-- OnewayPage -->
        <test-method is-config="true" signature="After()[pri:0, instance:runner.WebApp@26ceffa8]" started-at="2022-01-19T19:38:26 IST" name="After" finished-at="2022-01-19T19:38:26 IST" duration-ms="356" status="PASS">
          <reporter-output>
          </reporter-output>
        </test-method> <!-- After -->
        <test-method is-config="true" signature="Before()[pri:0, instance:runner.WebApp@26ceffa8]" started-at="2022-01-19T19:38:26 IST" name="Before" finished-at="2022-01-19T19:38:33 IST" duration-ms="7241" status="PASS">
          <reporter-output>
          </reporter-output>
        </test-method> <!-- Before -->
        <test-method signature="OutstationPage()[pri:8, instance:runner.WebApp@26ceffa8]" started-at="2022-01-19T19:38:33 IST" name="OutstationPage" finished-at="2022-01-19T19:38:52 IST" duration-ms="18582" status="PASS">
          <reporter-output>
          </reporter-output>
        </test-method> <!-- OutstationPage -->
        <test-method is-config="true" signature="After()[pri:0, instance:runner.WebApp@26ceffa8]" started-at="2022-01-19T19:38:52 IST" name="After" finished-at="2022-01-19T19:38:52 IST" duration-ms="322" status="PASS">
          <reporter-output>
          </reporter-output>
        </test-method> <!-- After -->
        <test-method is-config="true" signature="Before()[pri:0, instance:runner.WebApp@26ceffa8]" started-at="2022-01-19T19:38:52 IST" name="Before" finished-at="2022-01-19T19:38:57 IST" duration-ms="5224" status="PASS">
          <reporter-output>
          </reporter-output>
        </test-method> <!-- Before -->
        <test-method signature="AirportPage()[pri:9, instance:runner.WebApp@26ceffa8]" started-at="2022-01-19T19:38:57 IST" name="AirportPage" finished-at="2022-01-19T19:39:19 IST" duration-ms="21513" status="PASS">
          <reporter-output>
          </reporter-output>
        </test-method> <!-- AirportPage -->
        <test-method is-config="true" signature="After()[pri:0, instance:runner.WebApp@26ceffa8]" started-at="2022-01-19T19:39:19 IST" name="After" finished-at="2022-01-19T19:39:19 IST" duration-ms="336" status="PASS">
          <reporter-output>
          </reporter-output>
        </test-method> <!-- After -->
        <test-method is-config="true" signature="Before()[pri:0, instance:runner.WebApp@26ceffa8]" started-at="2022-01-19T19:39:19 IST" name="Before" finished-at="2022-01-19T19:39:26 IST" duration-ms="6942" status="PASS">
          <reporter-output>
          </reporter-output>
        </test-method> <!-- Before -->
        <test-method signature="CorporatePage()[pri:10, instance:runner.WebApp@26ceffa8]" started-at="2022-01-19T19:39:26 IST" name="CorporatePage" finished-at="2022-01-19T19:39:35 IST" duration-ms="8666" status="PASS">
          <reporter-output>
          </reporter-output>
        </test-method> <!-- CorporatePage -->
        <test-method is-config="true" signature="After()[pri:0, instance:runner.WebApp@26ceffa8]" started-at="2022-01-19T19:39:35 IST" name="After" finished-at="2022-01-19T19:39:36 IST" duration-ms="1208" status="PASS">
          <reporter-output>
          </reporter-output>
        </test-method> <!-- After -->
        <test-method is-config="true" signature="flush()[pri:0, instance:runner.WebApp@26ceffa8]" started-at="2022-01-19T19:39:36 IST" name="flush" finished-at="2022-01-19T19:39:37 IST" duration-ms="522" status="PASS">
          <reporter-output>
          </reporter-output>
        </test-method> <!-- flush -->
      </class> <!-- runner.WebApp -->
    </test> <!-- Default test -->
  </suite> <!-- Default suite -->
</testng-results>
